#
# There is insufficient memory for the Java Runtime Environment to continue.
# Native memory allocation (mmap) failed to map 230686720 bytes for G1 virtual space
# Possible reasons:
#   The system is out of physical RAM or swap space
#   The process is running with CompressedOops enabled, and the Java Heap may be blocking the growth of the native heap
# Possible solutions:
#   Reduce memory load on the system
#   Increase physical memory or swap space
#   Check if swap backing store is full
#   Decrease Java heap size (-Xmx/-Xms)
#   Decrease number of Java threads
#   Decrease Java thread stack sizes (-Xss)
#   Set larger code cache with -XX:ReservedCodeCacheSize=
#   JVM is running with Zero Based Compressed Oops mode in which the Java heap is
#     placed in the first 32GB address space. The Java Heap base address is the
#     maximum limit for the native heap growth. Please use -XX:HeapBaseMinAddress
#     to set the Java Heap base and to place the Java Heap above 32GB virtual address.
# This output file may be truncated or incomplete.
#
#  Out of Memory Error (os_windows.cpp:3600), pid=16612, tid=28940
#
# JRE version:  (21.0.1+12) (build )
# Java VM: Java HotSpot(TM) 64-Bit Server VM (21.0.1+12-LTS-29, mixed mode, emulated-client, sharing, tiered, compressed oops, compressed class ptrs, g1 gc, windows-amd64)
# No core dump will be written. Minidumps are not enabled by default on client versions of Windows
#

---------------  S U M M A R Y ------------

Command Line: -XX:TieredStopAtLevel=1 -Dspring.output.ansi.enabled=always -Dcom.sun.management.jmxremote -Dspring.jmx.enabled=true -Dspring.liveBeansView.mbeanDomain -Dspring.application.admin.enabled=true -Dmanagement.endpoints.jmx.exposure.include=* -javaagent:D:\IntelliJ IDEA 2023.2.2\lib\idea_rt.jar=64097:D:\IntelliJ IDEA 2023.2.2\bin -Dfile.encoding=UTF-8 -Dsun.stdout.encoding=UTF-8 -Dsun.stderr.encoding=UTF-8 com.example.graduationprojectprocessmanagementwkf.GraduationProjectProcessManagementWkfApplication

Host: AMD Ryzen 7 6800HS Creator Edition, 16 cores, 13G,  Windows 11 , 64 bit Build 22621 (10.0.22621.4391)
Time: Fri Dec  6 20:24:26 2024  Windows 11 , 64 bit Build 22621 (10.0.22621.4391) elapsed time: 0.030133 seconds (0d 0h 0m 0s)

---------------  T H R E A D  ---------------

Current thread (0x000001e40f255ed0):  JavaThread "Unknown thread" [_thread_in_vm, id=28940, stack(0x0000002021e00000,0x0000002021f00000) (1024K)]

Stack: [0x0000002021e00000,0x0000002021f00000]
Native frames: (J=compiled Java code, j=interpreted, Vv=VM code, C=native code)
V  [jvm.dll+0x6c9029]
V  [jvm.dll+0x854b81]
V  [jvm.dll+0x856e5e]
V  [jvm.dll+0x857543]
V  [jvm.dll+0x280c06]
V  [jvm.dll+0x6c5715]
V  [jvm.dll+0x6ba10a]
V  [jvm.dll+0x3557ea]
V  [jvm.dll+0x35d436]
V  [jvm.dll+0x3ae1be]
V  [jvm.dll+0x3ae468]
V  [jvm.dll+0x3291fc]
V  [jvm.dll+0x329d8b]
V  [jvm.dll+0x81d179]
V  [jvm.dll+0x3bb4f1]
V  [jvm.dll+0x805ae8]
V  [jvm.dll+0x44effe]
V  [jvm.dll+0x450901]
C  [jli.dll+0x52a3]
C  [ucrtbase.dll+0x29333]
C  [KERNEL32.DLL+0x1259d]
C  [ntdll.dll+0x5af38]


---------------  P R O C E S S  ---------------

Threads class SMR info:
_java_thread_list=0x00007ffe55b49b88, length=0, elements={
}

Java Threads: ( => current thread )
Total: 0

Other Threads:
  0x000001e40f2b7a50 WorkerThread "GC Thread#0"                     [id=31944, stack(0x0000002021f00000,0x0000002022000000) (1024K)]
  0x000001e40f2c66f0 ConcurrentGCThread "G1 Main Marker"            [id=32708, stack(0x0000002022000000,0x0000002022100000) (1024K)]
  0x000001e40f2c71f0 WorkerThread "G1 Conc#0"                       [id=17224, stack(0x0000002022100000,0x0000002022200000) (1024K)]

[error occurred during error reporting (printing all threads), id 0xc0000005, EXCEPTION_ACCESS_VIOLATION (0xc0000005) at pc=0x00007ffe552bc2c7]
VM state: not at safepoint (not fully initialized)

VM Mutex/Monitor currently owned by a thread:  ([mutex/lock_event])
[0x00007ffe55bba6f8] Heap_lock - owner thread: 0x000001e40f255ed0

Heap address: 0x0000000724e00000, size: 3506 MB, Compressed Oops mode: Zero based, Oop shift amount: 3

CDS archive(s) mapped at: [0x0000000000000000-0x0000000000000000-0x0000000000000000), size 0, SharedBaseAddress: 0x0000000800000000, ArchiveRelocationMode: 1.
Narrow klass base: 0x0000000000000000, Narrow klass shift: 0, Narrow klass range: 0x0

GC Precious Log:
 CardTable entry size: 512
 Card Set container configuration: InlinePtr #cards 4 size 8 Array Of Cards #cards 16 size 48 Howl #buckets 8 coarsen threshold 3686 Howl Bitmap #cards 512 size 80 coarsen threshold 460 Card regions per heap region 1 cards per card region 4096

Heap:
 garbage-first heap   total 0K, used 0K [0x0000000724e00000, 0x0000000800000000)
  region size 2048K, 0 young (0K), 0 survivors (0K)

[error occurred during error reporting (printing heap information), id 0xc0000005, EXCEPTION_ACCESS_VIOLATION (0xc0000005) at pc=0x00007ffe556a1be9]
GC Heap History (0 events):
No events

Dll operation events (1 events):
Event: 0.022 Loaded shared library C:\Program Files\Java\jdk-21\bin\java.dll

Deoptimization events (0 events):
No events

Classes loaded (0 events):
No events

Classes unloaded (0 events):
No events

Classes redefined (0 events):
No events

Internal exceptions (0 events):
No events

ZGC Phase Switch (0 events):
No events

VM Operations (0 events):
No events

Events (0 events):
No events


Dynamic libraries:
0x00007ff70b5a0000 - 0x00007ff70b5b0000 	C:\Program Files\Java\jdk-21\bin\java.exe
0x00007ffecb3d0000 - 0x00007ffecb5e7000 	C:\WINDOWS\SYSTEM32\ntdll.dll
0x00007ffec91d0000 - 0x00007ffec9294000 	C:\WINDOWS\System32\KERNEL32.DLL
0x00007ffec8d30000 - 0x00007ffec90e9000 	C:\WINDOWS\System32\KERNELBASE.dll
0x00007ffec8860000 - 0x00007ffec8971000 	C:\WINDOWS\System32\ucrtbase.dll
0x00007ffeb12b0000 - 0x00007ffeb12c9000 	C:\Program Files\Java\jdk-21\bin\jli.dll
0x00007ffeb4d10000 - 0x00007ffeb4d2b000 	C:\Program Files\Java\jdk-21\bin\VCRUNTIME140.dll
0x00007ffecad30000 - 0x00007ffecade2000 	C:\WINDOWS\System32\ADVAPI32.dll
0x00007ffec9490000 - 0x00007ffec9537000 	C:\WINDOWS\System32\msvcrt.dll
0x00007ffec97a0000 - 0x00007ffec9847000 	C:\WINDOWS\System32\sechost.dll
0x00007ffec8c10000 - 0x00007ffec8c38000 	C:\WINDOWS\System32\bcrypt.dll
0x00007ffec98d0000 - 0x00007ffec99e4000 	C:\WINDOWS\System32\RPCRT4.dll
0x00007ffec95f0000 - 0x00007ffec979e000 	C:\WINDOWS\System32\USER32.dll
0x00007ffec8790000 - 0x00007ffec87b6000 	C:\WINDOWS\System32\win32u.dll
0x00007ffea81f0000 - 0x00007ffea8482000 	C:\WINDOWS\WinSxS\amd64_microsoft.windows.common-controls_6595b64144ccf1df_6.0.22621.4391_none_2715d37f73803e96\COMCTL32.dll
0x00007ffecb190000 - 0x00007ffecb1b9000 	C:\WINDOWS\System32\GDI32.dll
0x00007ffec8af0000 - 0x00007ffec8c0b000 	C:\WINDOWS\System32\gdi32full.dll
0x00007ffec87c0000 - 0x00007ffec885a000 	C:\WINDOWS\System32\msvcp_win.dll
0x00007ffebe270000 - 0x00007ffebe27a000 	C:\WINDOWS\SYSTEM32\VERSION.dll
0x00007ffec9450000 - 0x00007ffec9481000 	C:\WINDOWS\System32\IMM32.DLL
0x00007ffec1140000 - 0x00007ffec114c000 	C:\Program Files\Java\jdk-21\bin\vcruntime140_1.dll
0x00007ffeaeae0000 - 0x00007ffeaeb6e000 	C:\Program Files\Java\jdk-21\bin\msvcp140.dll
0x00007ffe54f80000 - 0x00007ffe55c95000 	C:\Program Files\Java\jdk-21\bin\server\jvm.dll
0x00007ffec99f0000 - 0x00007ffec9a61000 	C:\WINDOWS\System32\WS2_32.dll
0x00007ffec7520000 - 0x00007ffec756d000 	C:\WINDOWS\SYSTEM32\POWRPROF.dll
0x00007ffec0f40000 - 0x00007ffec0f74000 	C:\WINDOWS\SYSTEM32\WINMM.dll
0x00007ffec7500000 - 0x00007ffec7513000 	C:\WINDOWS\SYSTEM32\UMPDC.dll
0x00007ffec77c0000 - 0x00007ffec77d8000 	C:\WINDOWS\SYSTEM32\kernel.appcore.dll
0x00007ffec0ba0000 - 0x00007ffec0baa000 	C:\Program Files\Java\jdk-21\bin\jimage.dll
0x00007ffec6230000 - 0x00007ffec6462000 	C:\WINDOWS\SYSTEM32\DBGHELP.DLL
0x00007ffeca990000 - 0x00007ffecad1f000 	C:\WINDOWS\System32\combase.dll
0x00007ffec90f0000 - 0x00007ffec91c7000 	C:\WINDOWS\System32\OLEAUT32.dll
0x00007ffea4db0000 - 0x00007ffea4de2000 	C:\WINDOWS\SYSTEM32\dbgcore.DLL
0x00007ffec8cb0000 - 0x00007ffec8d2b000 	C:\WINDOWS\System32\bcryptPrimitives.dll
0x00007ffec2730000 - 0x00007ffec273f000 	C:\Program Files\Java\jdk-21\bin\instrument.dll
0x00007ffeaea50000 - 0x00007ffeaea6f000 	C:\Program Files\Java\jdk-21\bin\java.dll

dbghelp: loaded successfully - version: 4.0.5 - missing functions: none
symbol engine: initialized successfully - sym options: 0x614 - pdb path: .;C:\Program Files\Java\jdk-21\bin;C:\WINDOWS\SYSTEM32;C:\WINDOWS\WinSxS\amd64_microsoft.windows.common-controls_6595b64144ccf1df_6.0.22621.4391_none_2715d37f73803e96;C:\Program Files\Java\jdk-21\bin\server

VM Arguments:
jvm_args: -XX:TieredStopAtLevel=1 -Dspring.output.ansi.enabled=always -Dcom.sun.management.jmxremote -Dspring.jmx.enabled=true -Dspring.liveBeansView.mbeanDomain -Dspring.application.admin.enabled=true -Dmanagement.endpoints.jmx.exposure.include=* -javaagent:D:\IntelliJ IDEA 2023.2.2\lib\idea_rt.jar=64097:D:\IntelliJ IDEA 2023.2.2\bin -Dfile.encoding=UTF-8 -Dsun.stdout.encoding=UTF-8 -Dsun.stderr.encoding=UTF-8 
java_command: com.example.graduationprojectprocessmanagementwkf.GraduationProjectProcessManagementWkfApplication
java_class_path (initial): D:\workspace-spring\graduation-project-process-management-wkf\target\classes;D:\m2\repository\org\springdoc\springdoc-openapi-starter-webflux-ui\2.6.0\springdoc-openapi-starter-webflux-ui-2.6.0.jar;D:\m2\repository\org\springdoc\springdoc-openapi-starter-webflux-api\2.6.0\springdoc-openapi-starter-webflux-api-2.6.0.jar;D:\m2\repository\org\springdoc\springdoc-openapi-starter-common\2.6.0\springdoc-openapi-starter-common-2.6.0.jar;D:\m2\repository\io\swagger\core\v3\swagger-core-jakarta\2.2.22\swagger-core-jakarta-2.2.22.jar;D:\m2\repository\org\apache\commons\commons-lang3\3.17.0\commons-lang3-3.17.0.jar;D:\m2\repository\io\swagger\core\v3\swagger-annotations-jakarta\2.2.22\swagger-annotations-jakarta-2.2.22.jar;D:\m2\repository\io\swagger\core\v3\swagger-models-jakarta\2.2.22\swagger-models-jakarta-2.2.22.jar;D:\m2\repository\jakarta\validation\jakarta.validation-api\3.0.2\jakarta.validation-api-3.0.2.jar;D:\m2\repository\com\fasterxml\jackson\dataformat\jackson-dataformat-yaml\2.18.1\jackson-dataformat-yaml-2.18.1.jar;D:\m2\repository\org\webjars\swagger-ui\5.17.14\swagger-ui-5.17.14.jar;D:\m2\repository\org\springframework\security\spring-security-crypto\6.4.1\spring-security-crypto-6.4.1.jar;D:\m2\repository\com\auth0\java-jwt\4.4.0\java-jwt-4.4.0.jar;D:\m2\repository\com\fasterxml\jackson\core\jackson-databind\2.18.1\jackson-databind-2.18.1.jar;D:\m2\repository\com\fasterxml\jackson\core\jackson-annotations\2.18.1\jackson-annotations-2.18.1.jar;D:\m2\repository\com\fasterxml\jackson\core\jackson-core\2.18.1\jackson-core-2.18.1.jar;D:\m2\repository\org\springframework\boot\spring-boot-starter-data-r2dbc\3.4.0\spring-boot-starter-data-r2dbc-3.4.0.jar;D:\m2\repository\org\springframework\boot\spring-boot-starter\3.4.0\spring-boot-starter-3.4.0.jar;D:\m2\repository\org\springframework\boot\spring-boot\3.4.0\spring-boot-3.4.0.jar;D:\m2\repository\org\springframework\boot\spring-boot-autoconfigure\3.4.0\spring-boot-autoconfigure-3.4.0.jar;D:\m2\repository\org\springframework\boot\spring-boot-starter-logging\3.4.0\spring-boot-starter-logging-3.4.0.jar;D:\m2\repository\ch\qos\logback\logback-classic\1.5.12\logback-classic-1.5.12.jar;D:\m2\repository\ch\qos\logback\logback-core\1.5.12\logback-core-1.5.12.jar;D:\m2\repository\org\apache\logging\log4j\log4j-to-slf4j\2.24.1\log4j-to-slf4j-2.24.1.jar;D:\m2\repository\org\apache\logging\log4j\log4j-api\2.24.1\log4j-api-2.24.1.jar;D:\m2\repository\org\slf4j\jul-to-slf4j\2.0.16\jul-to-slf4j-2.0.16.jar;D:\m2\repository\jakarta\annotation\jakarta.annotation-api\2.1.1\jakarta.annotation-api-2.1.1.jar;D:\m2\repository\org\yaml\snakeyaml\2.3\snakeyaml-2.3.jar;D:\m2\repository\org\springframework\data\spring-data-r2dbc\3.4.0\spring-data-r2dbc-3.4.0.jar;D:\m2\repository\org\springframework\data\spring-data-relational\3.4.0\spring-data-relational-3.4.0.jar;D:\m2\repository\org\springframework\data\spring-data-commons\3.4.0\spring-data-commons-3.4.0.jar;D:\m2\repository\org\springframework\spring-tx\6.2.0\spring-tx-6.2.0.jar;D:\m2\repository\org\springframework\spring-context\6.2.0\spring-context-6.2.0.jar;D:\m2\repository\org\springframework\spring-aop\6.2.0\spring-aop-6.2.0.jar;D:\m2\repository\org\springframework\spring-expression\6.2.0\spring-expression-6.2.0.jar;D:\m2\repository\org\springframework\spring-beans\6.2.0\spring-beans-6.2.0.jar;D:\m2\repository\org\springframework\spring-jdbc\6.2.0\spring-jdbc-6.2.0.jar;D:\m2\repository\org\springframework\spring-r2dbc\6.2.0\spring-r2dbc-6.2.0.jar;D:\m2\repository\org\slf4j\slf4j-api\2.0.16\slf4j-api-2.0.16.jar;D:\m2\repository\io\r2dbc\r2dbc-spi\1.0.0.RELEASE\r2dbc-spi-1.0.0.RELEASE.jar;D:\m2\repository\org\reactivestreams\reactive-streams\1.0.4\reactive-streams-1.0.4.jar;D:\m2\repository\io\r2dbc\r2dbc-pool\1.0.2.RELEASE\r2dbc-pool-1.0.2.RELEASE.jar;D:\m2\repository\io\projectreactor\addons\reactor-pool\1.1.0\reactor-pool-1.1.0.jar;D:\m2\repository\org\springframework\boot\spring-boot-starter-webflux\3.4.0\spring-boot-starter-webflux-3.4.0.jar;D:\m2\repository\org\springframework\boot\spring-boot-starter-json\3.4.0\spring-boot-starter-json-3.4.0.jar;D:\m2\repository\com\fasterxml\jackson\datatype\jackson-datatype-jdk8\2.18.1\jackson-datatype-jdk8-2.18.1.jar;D:\m2\repository\com\fasterxml\jackson\datatype\jackson-datatype-jsr310\2.18.1\jackson-datatype-jsr310-2.18.1.jar;D:\m2\repository\com\fasterxml\jackson\module\jackson-module-parameter-names\2.18.1\jackson-module-parameter-names-2.18.1.jar;D:\m2\repository\org\springframework\boot\spring-boot-starter-reactor-netty\3.4.0\spring-boot-starter-reactor-netty-3.4.0.jar;D:\m2\repository\io\projectreactor\netty\reactor-netty-http\1.2.0\reactor-netty-http-1.2.0.jar;D:\m2\repository\io\netty\netty-codec-http\4.1.115.Final\netty-codec-http-4.1.115.Final.jar;D:\m2\repository\io\netty\netty-codec-http2\4.1.115.Final\netty-codec-http2-4.1.115.Final.jar;D:\m2\repository\org\springframework\spring-web\6.2.0\spring-web-6.2.0.jar;D:\m2\repository\io\micrometer\micrometer-observation\1.14.1\micrometer-observation-1.14.1.jar;D:\m2\repository\io\micrometer\micrometer-commons\1.14.1\micrometer-commons-1.14.1.jar;D:\m2\repository\org\springframework\spring-webflux\6.2.0\spring-webflux-6.2.0.jar;D:\m2\repository\com\mysql\mysql-connector-j\9.1.0\mysql-connector-j-9.1.0.jar;D:\m2\repository\io\asyncer\r2dbc-mysql\1.3.0\r2dbc-mysql-1.3.0.jar;D:\m2\repository\io\projectreactor\reactor-core\3.7.0\reactor-core-3.7.0.jar;D:\m2\repository\io\projectreactor\netty\reactor-netty-core\1.2.0\reactor-netty-core-1.2.0.jar;D:\m2\repository\io\netty\netty-handler\4.1.115.Final\netty-handler-4.1.115.Final.jar;D:\m2\repository\io\netty\netty-common\4.1.115.Final\netty-common-4.1.115.Final.jar;D:\m2\repository\io\netty\netty-resolver\4.1.115.Final\netty-resolver-4.1.115.Final.jar;D:\m2\repository\io\netty\netty-buffer\4.1.115.Final\netty-buffer-4.1.115.Final.jar;D:\m2\repository\io\netty\netty-transport\4.1.115.Final\netty-transport-4.1.115.Final.jar;D:\m2\repository\io\netty\netty-transport-native-unix-common\4.1.115.Final\netty-transport-native-unix-common-4.1.115.Final.jar;D:\m2\repository\io\netty\netty-codec\4.1.115.Final\netty-codec-4.1.115.Final.jar;D:\m2\repository\io\netty\netty-handler-proxy\4.1.115.Final\netty-handler-proxy-4.1.115.Final.jar;D:\m2\repository\io\netty\netty-codec-socks\4.1.115.Final\netty-codec-socks-4.1.115.Final.jar;D:\m2\repository\io\netty\netty-resolver-dns\4.1.115.Final\netty-resolver-dns-4.1.115.Final.jar;D:\m2\repository\io\netty\netty-codec-dns\4.1.115.Final\netty-codec-dns-4.1.115.Final.jar;D:\m2\repository\io\netty\netty-resolver-dns-native-macos\4.1.115.Final\netty-resolver-dns-native-macos-4.1.115.Final-osx-x86_64.jar;D:\m2\repository\io\netty\netty-resolver-dns-classes-macos\4.1.115.Final\netty-resolver-dns-classes-macos-4.1.115.Final.jar;D:\m2\repository\io\netty\netty-transport-native-epoll\4.1.115.Final\netty-transport-native-epoll-4.1.115.Final-linux-x86_64.jar;D:\m2\repository\io\netty\netty-transport-classes-epoll\4.1.115.Final\netty-transport-classes-epoll-4.1.115.Final.jar;D:\m2\repository\org\projectlombok\lombok\1.18.36\lombok-1.18.36.jar;D:\m2\repository\jakarta\xml\bind\jakarta.xml.bind-api\4.0.2\jakarta.xml.bind-api-4.0.2.jar;D:\m2\repository\jakarta\activation\jakarta.activation-api\2.1.3\jakarta.activation-api-2.1.3.jar;D:\m2\repository\org\springframework\spring-core\6.2.0\spring-core-6.2.0.jar;D:\m2\repository\org\springframework\spring-jcl\6.2.0\spring-jcl-6.2.0.jar
Launcher Type: SUN_STANDARD

[Global flags]
     intx CICompilerCount                          = 12                                        {product} {ergonomic}
     uint ConcGCThreads                            = 3                                         {product} {ergonomic}
     uint G1ConcRefinementThreads                  = 13                                        {product} {ergonomic}
   size_t G1HeapRegionSize                         = 2097152                                   {product} {ergonomic}
    uintx GCDrainStackTargetSize                   = 64                                        {product} {ergonomic}
   size_t InitialHeapSize                          = 230686720                                 {product} {ergonomic}
     bool ManagementServer                         = true                                      {product} {command line}
   size_t MarkStackSize                            = 4194304                                   {product} {ergonomic}
   size_t MaxHeapSize                              = 3676307456                                {product} {ergonomic}
   size_t MinHeapDeltaBytes                        = 2097152                                   {product} {ergonomic}
   size_t MinHeapSize                              = 8388608                                   {product} {ergonomic}
    uintx NonNMethodCodeHeapSize                   = 4096                                   {pd product} {ergonomic}
    uintx NonProfiledCodeHeapSize                  = 0                                      {pd product} {ergonomic}
     bool ProfileInterpreter                       = false                                  {pd product} {command line}
    uintx ProfiledCodeHeapSize                     = 0                                      {pd product} {ergonomic}
   size_t SoftMaxHeapSize                          = 3676307456                             {manageable} {ergonomic}
     intx TieredStopAtLevel                        = 1                                         {product} {command line}
     bool UseCompressedOops                        = true                           {product lp64_product} {ergonomic}
     bool UseG1GC                                  = true                                      {product} {ergonomic}
     bool UseLargePagesIndividualAllocation        = false                                  {pd product} {ergonomic}

Logging:
Log output configuration:
 #0: stdout all=warning uptime,level,tags foldmultilines=false
 #1: stderr all=off uptime,level,tags foldmultilines=false

Environment Variables:
JAVA_HOME=C:\Program Files\BellSoft\LibericaJDK-8\
PATH=C:\Program Files\BellSoft\LibericaJDK-8\bin\;C:\Program Files\Common Files\Oracle\Java\javapath;C:\Program Files (x86)\Common Files\Oracle\Java\javapath;C:\Windows\system32;C:\Windows;C:\Windows\System32\Wbem;C:\Windows\System32\WindowsPowerShell\v1.0\;C:\Windows\System32\OpenSSH\;C:\Program Files (x86)\dotnet\;C:\WINDOWS\system32;C:\WINDOWS;C:\WINDOWS\System32\Wbem;C:\WINDOWS\System32\WindowsPowerShell\v1.0\;C:\WINDOWS\System32\OpenSSH\;C:\Program Files (x86)\Tencent\微信web开发者工具\dll;C:\P;ogram Files\Git\cmd;C:\Program Files\Git\cmd;C:\Program Files\MySQL\MySQL Server 8.0\bin;D:\;;C:\Program Files\Docker\Docker\resources\bin;D:\Bitvise shh client 9.39;C:\Users\吴可凡\AppData\Local\Programs\Python\Python311\Scripts\;C:\Users\吴可凡\AppData\Local\Programs\Python\Python311\;C:\Users\吴可凡\AppData\Local\Microsoft\WindowsApps;C:\Program Files\JetBrains\PyCharm Community Edition 2023.2\bin;C:\Users\吴可凡\AppData\Local\GitHubDesktop\bin;D:\Microsoft VS Code\bin;C:\Users\村\AppData\Local\Microsoft\WinGet\Packages\Schniz.fnm_Microsoft.Winget.Source_8wekyb3d8bbwe;C:\Users\吴可凡\AppData\Roaming\npm
USERNAME=吴可凡
OS=Windows_NT
PROCESSOR_IDENTIFIER=AMD64 Family 25 Model 68 Stepping 1, AuthenticAMD
TMP=C:\WINDOWS\TEMP
TEMP=C:\WINDOWS\TEMP




Periodic native trim disabled

---------------  S Y S T E M  ---------------

OS:
 Windows 11 , 64 bit Build 22621 (10.0.22621.4391)
OS uptime: 0 days 10:27 hours
Hyper-V role detected

CPU: total 16 (initial active 16) (16 cores per cpu, 2 threads per core) family 25 model 68 stepping 1 microcode 0x0, cx8, cmov, fxsr, ht, mmx, 3dnowpref, sse, sse2, sse3, ssse3, sse4a, sse4.1, sse4.2, popcnt, lzcnt, tsc, tscinvbit, avx, avx2, aes, clmul, bmi1, bmi2, adx, sha, fma, vzeroupper, clflush, clflushopt, hv, rdtscp, rdpid, f16c, cet_ss
Processor Information for processor 0
  Max Mhz: 3201, Current Mhz: 3201, Mhz Limit: 3201
Processor Information for processor 1
  Max Mhz: 3201, Current Mhz: 2566, Mhz Limit: 3201
Processor Information for processor 2
  Max Mhz: 3201, Current Mhz: 3201, Mhz Limit: 3201
Processor Information for processor 3
  Max Mhz: 3201, Current Mhz: 2566, Mhz Limit: 3201
Processor Information for processor 4
  Max Mhz: 3201, Current Mhz: 3201, Mhz Limit: 3201
Processor Information for processor 5
  Max Mhz: 3201, Current Mhz: 2566, Mhz Limit: 3201
Processor Information for processor 6
  Max Mhz: 3201, Current Mhz: 3201, Mhz Limit: 3201
Processor Information for processor 7
  Max Mhz: 3201, Current Mhz: 2566, Mhz Limit: 3201
Processor Information for processor 8
  Max Mhz: 3201, Current Mhz: 2566, Mhz Limit: 3201
Processor Information for processor 9
  Max Mhz: 3201, Current Mhz: 2566, Mhz Limit: 3201
Processor Information for processor 10
  Max Mhz: 3201, Current Mhz: 3201, Mhz Limit: 3201
Processor Information for processor 11
  Max Mhz: 3201, Current Mhz: 3201, Mhz Limit: 3201
Processor Information for processor 12
  Max Mhz: 3201, Current Mhz: 3201, Mhz Limit: 3201
Processor Information for processor 13
  Max Mhz: 3201, Current Mhz: 2566, Mhz Limit: 3201
Processor Information for processor 14
  Max Mhz: 3201, Current Mhz: 3201, Mhz Limit: 3201
Processor Information for processor 15
  Max Mhz: 3201, Current Mhz: 2566, Mhz Limit: 3201

Memory: 4k page, system-wide physical 14020M (1814M free)
TotalPageFile size 26020M (AvailPageFile size 92M)
current process WorkingSet (physical memory assigned to process): 12M, peak: 12M
current process commit charge ("private bytes"): 66M, peak: 285M

vm_info: Java HotSpot(TM) 64-Bit Server VM (21.0.1+12-LTS-29) for windows-amd64 JRE (21.0.1+12-LTS-29), built on 2023-10-05T13:27:09Z by "mach5one" with MS VC++ 17.1 (VS2022)

END.
